调试getmap
调试getmap over
调试load
装载地图hero成功
调试clear
调试prepare_task21,1,51
调试record
调试init
调试start_task
调试clear
调试init
调试start_task
调试clear
调试init
调试start_task
调试clear
调试init
调试start_task
调试clear
调试init
调试start_task
调试clear
调试init
调试start_task
调试clear
调试getmap
调试getmap over
调试load
装载地图lake成功
调试clear
调试prepare_task25,15,54
调试record
调试init
调试getmap
调试getmap over
调试load
装载地图simple成功
调试clear
调试prepare_task26,19,50
调试record
调试init
调试start_task
调试clear
调试init
调试start_task
调试clear
调试init
调试start_task
调试clear
调试init
调试start_task
调试clear
调试init
调试start_task
调试clear
调试init
调试start_task
调试clear
调试getmap
调试getmap over
调试load
装载地图hero成功
调试clear
调试prepare_task26,21,50
调试record
调试init
调试start_task
调试clear
调试init
调试start_task
调试clear
调试init
调试start_task
调试clear
调试init
调试start_task
调试clear
调试init
调试start_task
调试clear
调试init
调试start_task
调试clear
调试getmap
调试getmap over
调试load
装载地图huashan成功
调试clear
调试prepare_task27,1,50
调试record
调试init
调试start_task
调试clear
调试init
调试start_task
调试clear
调试init
调试start_task
调试clear
调试init
调试start_task
调试clear
调试init
调试start_task
调试clear
调试init
调试start_task
调试clear
调试getmap
调试getmap over
调试load
装载地图huashan成功
调试clear
调试prepare_task27,7,50
调试record
调试init
调试start_task
调试clear
调试init
调试start_task
调试clear
调试init
调试start_task
调试clear
调试init
调试start_task
调试clear
调试init
调试start_task
调试clear
调试init
调试start_task
调试clear
调试getmap
调试getmap over
调试load
装载地图simple成功
调试clear
调试prepare_task27,15,50
调试record
调试init
调试start_task
调试clear
调试init
调试start_task
调试clear
调试init
调试start_task
调试clear
调试init
调试start_task
调试clear
调试init
调试start_task
调试clear
调试init
调试start_task
调试clear
调试getmap
调试getmap over
调试load
装载地图lake成功
调试clear
调试prepare_task27,19,50
调试record
调试init
调试start_task
调试clear
调试init
调试start_task
调试clear
调试init
调试start_task
调试clear
调试init
调试start_task
调试clear
调试init
调试start_task
调试clear
调试init
调试start_task
调试clear
调试getmap
调试getmap over
调试load
装载地图huashan成功
调试clear
调试prepare_task27,21,50
调试record
调试init
调试start_task
调试clear
调试init
调试start_task
调试clear
调试init
调试start_task
调试clear
调试init
调试start_task
调试clear
调试init
调试start_task
调试clear
调试init
调试start_task
调试clear
调试getmap
调试getmap over
调试load
装载地图simple成功
调试clear
调试prepare_task28,1,51
调试record
调试init
调试start_task
调试clear
调试init
调试start_task
调试clear
调试init
调试start_task
调试clear
调试init
调试start_task
调试clear
调试init
调试start_task
调试clear
调试init
调试start_task
调试clear
调试getmap
调试getmap over
调试load
装载地图huashan成功
调试clear
调试prepare_task28,7,50
调试record
调试init
调试start_task
调试clear
调试init
调试start_task
调试clear
调试init
调试start_task
调试clear
调试init
调试start_task
调试clear
调试init
调试start_task
调试clear
调试init
调试start_task
调试clear
调试getmap
调试getmap over
调试load
装载地图lake成功
调试clear
调试prepare_task28,15,50
调试record
调试init
调试start_task
调试clear
调试init
调试start_task
调试clear
调试init
调试start_task
调试clear
调试init
调试start_task
调试clear
调试init
调试start_task
调试clear
调试init
调试start_task
调试clear
调试getmap
调试getmap over
调试load
装载地图huashan成功
调试clear
调试prepare_task28,19,50
调试record
调试init
调试start_task
调试clear
调试init
调试start_task
调试clear
调试init
调试start_task
调试clear
调试init
调试start_task
调试clear
调试init
调试start_task
调试clear
调试init
调试start_task
调试clear
调试getmap
调试getmap over
调试load
装载地图huashan成功
调试clear
调试prepare_task28,21,50
调试record
调试init
调试start_task
调试clear
调试init
调试start_task
调试clear
调试init
调试start_task
调试clear
调试init
调试start_task
调试clear
调试init
调试start_task
调试clear
调试init
调试start_task
调试clear
调试getmap
调试getmap over
调试load
装载地图simple成功
调试clear
调试prepare_task29,1,50
调试record
调试init
调试start_task
调试clear
调试init
调试start_task
调试clear
调试init
调试start_task
调试clear
调试init
调试start_task
调试clear
调试init
调试start_task
调试clear
调试init
调试start_task
调试clear
调试getmap
调试getmap over
调试load
装载地图simple成功
调试clear
调试prepare_task29,7,50
调试record
调试init
调试start_task
调试clear
调试init
调试start_task
调试clear
调试init
调试start_task
调试clear
调试init
调试start_task
调试clear
调试init
调试start_task
调试clear
调试init
调试start_task
调试clear
调试getmap
调试getmap over
调试load
装载地图lake成功
调试clear
调试prepare_task29,15,50
调试record
调试init
调试start_task
调试clear
调试init
调试start_task
调试clear
调试init
调试start_task
调试clear
调试init
调试start_task
调试clear
调试init
调试start_task
调试clear
调试init
调试start_task
调试clear
