Sat Nov 07 12:57:31 2020é”™è¯¯è®¯æ¯è¢«æ‹¦æˆª: 
æ‰§è¡Œæ—¶æ®µé”™è¯¯ï¼š*Error in loading object '/d/city/npc/items/pixue'

ç¨‹å¼ï¼š/inherit/char/npc.c ç¬¬ 13 è¡Œ
ç‰©ä»¶: /d/city/npc/qinjun
å‘¼å«æ¥è‡ªï¼š/adm/daemons/taskd.c çš„ update_each_task() ç¬¬ 76 è¡Œï¼Œç‰©ä»¶ï¼š /adm/daemons/taskd
å‘¼å«æ¥è‡ªï¼š/adm/daemons/taskd.c çš„ random_place() ç¬¬ 741 è¡Œï¼Œç‰©ä»¶ï¼š /adm/daemons/taskd
å‘¼å«æ¥è‡ªï¼š/adm/daemons/mapd.c çš„ random_place() ç¬¬ 141 è¡Œï¼Œç‰©ä»¶ï¼š /adm/daemons/mapd
å‘¼å«æ¥è‡ªï¼š/adm/daemons/mapd.c çš„ random_room() ç¬¬ 92 è¡Œï¼Œç‰©ä»¶ï¼š /adm/daemons/mapd
å‘¼å«æ¥è‡ªï¼š/adm/daemons/mapd.c çš„ CATCH() ç¬¬ 92 è¡Œï¼Œç‰©ä»¶ï¼š /adm/daemons/mapd
å‘¼å«æ¥è‡ªï¼š/d/city/xiaolu.c çš„ create() ç¬¬ 22 è¡Œï¼Œç‰©ä»¶ï¼š /d/city/xiaolu
å‘¼å«æ¥è‡ªï¼š/inherit/room/room.c çš„ setup() ç¬¬ 382 è¡Œï¼Œç‰©ä»¶ï¼š /d/city/xiaolu
å‘¼å«æ¥è‡ªï¼š/inherit/room/room.c çš„ reset() ç¬¬ 180 è¡Œï¼Œç‰©ä»¶ï¼š /d/city/xiaolu
å‘¼å«æ¥è‡ªï¼š/inherit/room/room.c çš„ make_inventory() ç¬¬ 20 è¡Œï¼Œç‰©ä»¶ï¼š /d/city/xiaolu
å‘¼å«æ¥è‡ªï¼š/d/city/npc/qinjun.c çš„ create() ç¬¬ 42 è¡Œï¼Œç‰©ä»¶ï¼š /d/city/npc/qinjun ("äº²å…µ")
å‘¼å«æ¥è‡ªï¼š/inherit/char/npc.c çš„ carry_object() ç¬¬ 13 è¡Œï¼Œç‰©ä»¶ï¼š /d/city/npc/qinjun ("äº²å…µ")
Sat Nov 07 12:57:38 2020é”™è¯¯è®¯æ¯è¢«æ‹¦æˆª: 
æ‰§è¡Œæ—¶æ®µé”™è¯¯ï¼š*Error in loading object '/d/hangzhou/sitian'

ç¨‹å¼ï¼š/adm/daemons/mapd.c ç¬¬ 92 è¡Œ
ç‰©ä»¶: /adm/daemons/mapd
å‘¼å«æ¥è‡ªï¼š/adm/daemons/taskd.c çš„ update_each_task() ç¬¬ 76 è¡Œï¼Œç‰©ä»¶ï¼š /adm/daemons/taskd
å‘¼å«æ¥è‡ªï¼š/adm/daemons/taskd.c çš„ random_place() ç¬¬ 741 è¡Œï¼Œç‰©ä»¶ï¼š /adm/daemons/taskd
å‘¼å«æ¥è‡ªï¼š/adm/daemons/mapd.c çš„ random_place() ç¬¬ 141 è¡Œï¼Œç‰©ä»¶ï¼š /adm/daemons/mapd
å‘¼å«æ¥è‡ªï¼š/adm/daemons/mapd.c çš„ random_room() ç¬¬ 92 è¡Œï¼Œç‰©ä»¶ï¼š /adm/daemons/mapd
å‘¼å«æ¥è‡ªï¼š/adm/daemons/mapd.c çš„ CATCH() ç¬¬ 92 è¡Œï¼Œç‰©ä»¶ï¼š /adm/daemons/mapd
Sat Nov 07 12:57:39 2020
æ‰§è¡Œæ—¶æ®µé”™è¯¯ï¼š*Value being indexed is zero.

ç¨‹å¼ï¼š/adm/daemons/eventd.c ç¬¬ 103 è¡Œ
ç‰©ä»¶: /adm/daemons/eventd
å‘¼å«æ¥è‡ªï¼š/d/wizard/npc/pkuxkx.c çš„ event() ç¬¬ 136 è¡Œï¼Œç‰©ä»¶ï¼š /d/wizard/npc/pkuxkx#1603 ("[1;37måŒ—å¤§ä¾ å®¢è¡Œ[2;37;0m")
å‘¼å«æ¥è‡ªï¼š/adm/daemons/eventd.c çš„ create() ç¬¬ 41 è¡Œï¼Œç‰©ä»¶ï¼š /adm/daemons/eventd
å‘¼å«æ¥è‡ªï¼š/adm/daemons/eventd.c çš„ collect_all_event() ç¬¬ 67 è¡Œï¼Œç‰©ä»¶ï¼š /adm/daemons/eventd
å‘¼å«æ¥è‡ªï¼š/adm/daemons/event/chaoxin.c çš„ create_event() ç¬¬ 15 è¡Œï¼Œç‰©ä»¶ï¼š /adm/daemons/event/chaoxin
å‘¼å«æ¥è‡ªï¼š/adm/daemons/eventd.c çš„ at_after() ç¬¬ 103 è¡Œï¼Œç‰©ä»¶ï¼š /adm/daemons/eventd
Sat Nov 07 13:02:44 2020é”™è¯¯è®¯æ¯è¢«æ‹¦æˆª: 
æ‰§è¡Œæ—¶æ®µé”™è¯¯ï¼š*Error in loading object '/d/hangzhou/sitian'

ç¨‹å¼ï¼š/adm/daemons/mapd.c ç¬¬ 92 è¡Œ
ç‰©ä»¶: /adm/daemons/mapd
å‘¼å«æ¥è‡ªï¼š/adm/daemons/taskd.c çš„ update_each_task() ç¬¬ 76 è¡Œï¼Œç‰©ä»¶ï¼š /adm/daemons/taskd
å‘¼å«æ¥è‡ªï¼š/adm/daemons/taskd.c çš„ random_place() ç¬¬ 741 è¡Œï¼Œç‰©ä»¶ï¼š /adm/daemons/taskd
å‘¼å«æ¥è‡ªï¼š/adm/daemons/mapd.c çš„ random_place() ç¬¬ 141 è¡Œï¼Œç‰©ä»¶ï¼š /adm/daemons/mapd
å‘¼å«æ¥è‡ªï¼š/adm/daemons/mapd.c çš„ random_room() ç¬¬ 92 è¡Œï¼Œç‰©ä»¶ï¼š /adm/daemons/mapd
å‘¼å«æ¥è‡ªï¼š/adm/daemons/mapd.c çš„ CATCH() ç¬¬ 92 è¡Œï¼Œç‰©ä»¶ï¼š /adm/daemons/mapd
Sat Nov 07 13:03:05 2020
æ‰§è¡Œæ—¶æ®µé”™è¯¯ï¼š*Value being indexed is zero.

ç¨‹å¼ï¼š/adm/daemons/eventd.c ç¬¬ 103 è¡Œ
ç‰©ä»¶: /adm/daemons/eventd
å‘¼å«æ¥è‡ªï¼š/d/wizard/npc/pkuxkx.c çš„ event() ç¬¬ 136 è¡Œï¼Œç‰©ä»¶ï¼š /d/wizard/npc/pkuxkx#1346 ("[1;37måŒ—å¤§ä¾ å®¢è¡Œ[2;37;0m")
å‘¼å«æ¥è‡ªï¼š/adm/daemons/eventd.c çš„ create() ç¬¬ 41 è¡Œï¼Œç‰©ä»¶ï¼š /adm/daemons/eventd
å‘¼å«æ¥è‡ªï¼š/adm/daemons/eventd.c çš„ collect_all_event() ç¬¬ 67 è¡Œï¼Œç‰©ä»¶ï¼š /adm/daemons/eventd
å‘¼å«æ¥è‡ªï¼š/adm/daemons/event/chaoxin.c çš„ create_event() ç¬¬ 15 è¡Œï¼Œç‰©ä»¶ï¼š /adm/daemons/event/chaoxin
å‘¼å«æ¥è‡ªï¼š/adm/daemons/eventd.c çš„ at_after() ç¬¬ 103 è¡Œï¼Œç‰©ä»¶ï¼š /adm/daemons/eventd
Sat Nov 07 13:03:12 2020é”™è¯¯è®¯æ¯è¢«æ‹¦æˆª: 
æ‰§è¡Œæ—¶æ®µé”™è¯¯ï¼š*Error in loading object '/d/city/npc/items/pixue'

ç¨‹å¼ï¼š/inherit/char/npc.c ç¬¬ 13 è¡Œ
ç‰©ä»¶: /d/city/npc/qinjun
å‘¼å«æ¥è‡ªï¼š/adm/daemons/taskd.c çš„ update_each_task() ç¬¬ 76 è¡Œï¼Œç‰©ä»¶ï¼š /adm/daemons/taskd
å‘¼å«æ¥è‡ªï¼š/adm/daemons/taskd.c çš„ random_place() ç¬¬ 741 è¡Œï¼Œç‰©ä»¶ï¼š /adm/daemons/taskd
å‘¼å«æ¥è‡ªï¼š/adm/daemons/mapd.c çš„ random_place() ç¬¬ 141 è¡Œï¼Œç‰©ä»¶ï¼š /adm/daemons/mapd
å‘¼å«æ¥è‡ªï¼š/adm/daemons/mapd.c çš„ random_room() ç¬¬ 92 è¡Œï¼Œç‰©ä»¶ï¼š /adm/daemons/mapd
å‘¼å«æ¥è‡ªï¼š/adm/daemons/mapd.c çš„ CATCH() ç¬¬ 92 è¡Œï¼Œç‰©ä»¶ï¼š /adm/daemons/mapd
å‘¼å«æ¥è‡ªï¼š/d/city/xiaolu.c çš„ create() ç¬¬ 22 è¡Œï¼Œç‰©ä»¶ï¼š /d/city/xiaolu
å‘¼å«æ¥è‡ªï¼š/inherit/room/room.c çš„ setup() ç¬¬ 382 è¡Œï¼Œç‰©ä»¶ï¼š /d/city/xiaolu
å‘¼å«æ¥è‡ªï¼š/inherit/room/room.c çš„ reset() ç¬¬ 180 è¡Œï¼Œç‰©ä»¶ï¼š /d/city/xiaolu
å‘¼å«æ¥è‡ªï¼š/inherit/room/room.c çš„ make_inventory() ç¬¬ 20 è¡Œï¼Œç‰©ä»¶ï¼š /d/city/xiaolu
å‘¼å«æ¥è‡ªï¼š/d/city/npc/qinjun.c çš„ create() ç¬¬ 42 è¡Œï¼Œç‰©ä»¶ï¼š /d/city/npc/qinjun ("äº²å…µ")
å‘¼å«æ¥è‡ªï¼š/inherit/char/npc.c çš„ carry_object() ç¬¬ 13 è¡Œï¼Œç‰©ä»¶ï¼š /d/city/npc/qinjun ("äº²å…µ")
Sat Nov 07 13:03:32 2020é”™è¯¯è®¯æ¯è¢«æ‹¦æˆª: 
æ‰§è¡Œæ—¶æ®µé”™è¯¯ï¼š*Error in loading object '/d/city/npc/items/pixue'

ç¨‹å¼ï¼š/inherit/char/npc.c ç¬¬ 13 è¡Œ
ç‰©ä»¶: /d/city/npc/qinjun
å‘¼å«æ¥è‡ªï¼š/adm/daemons/taskd.c çš„ update_each_task() ç¬¬ 76 è¡Œï¼Œç‰©ä»¶ï¼š /adm/daemons/taskd
å‘¼å«æ¥è‡ªï¼š/adm/daemons/taskd.c çš„ random_place() ç¬¬ 741 è¡Œï¼Œç‰©ä»¶ï¼š /adm/daemons/taskd
å‘¼å«æ¥è‡ªï¼š/adm/daemons/mapd.c çš„ random_place() ç¬¬ 141 è¡Œï¼Œç‰©ä»¶ï¼š /adm/daemons/mapd
å‘¼å«æ¥è‡ªï¼š/adm/daemons/mapd.c çš„ random_room() ç¬¬ 92 è¡Œï¼Œç‰©ä»¶ï¼š /adm/daemons/mapd
å‘¼å«æ¥è‡ªï¼š/adm/daemons/mapd.c çš„ CATCH() ç¬¬ 92 è¡Œï¼Œç‰©ä»¶ï¼š /adm/daemons/mapd
å‘¼å«æ¥è‡ªï¼š/d/city/xiaolu.c çš„ create() ç¬¬ 22 è¡Œï¼Œç‰©ä»¶ï¼š /d/city/xiaolu
å‘¼å«æ¥è‡ªï¼š/inherit/room/room.c çš„ setup() ç¬¬ 382 è¡Œï¼Œç‰©ä»¶ï¼š /d/city/xiaolu
å‘¼å«æ¥è‡ªï¼š/inherit/room/room.c çš„ reset() ç¬¬ 180 è¡Œï¼Œç‰©ä»¶ï¼š /d/city/xiaolu
å‘¼å«æ¥è‡ªï¼š/inherit/room/room.c çš„ make_inventory() ç¬¬ 20 è¡Œï¼Œç‰©ä»¶ï¼š /d/city/xiaolu
å‘¼å«æ¥è‡ªï¼š/d/city/npc/qinjun.c çš„ create() ç¬¬ 42 è¡Œï¼Œç‰©ä»¶ï¼š /d/city/npc/qinjun ("äº²å…µ")
å‘¼å«æ¥è‡ªï¼š/inherit/char/npc.c çš„ carry_object() ç¬¬ 13 è¡Œï¼Œç‰©ä»¶ï¼š /d/city/npc/qinjun ("äº²å…µ")
Sat Nov 07 13:03:35 2020
æ‰§è¡Œæ—¶æ®µé”™è¯¯ï¼š*Value being indexed is zero.

ç¨‹å¼ï¼š/adm/daemons/eventd.c ç¬¬ 103 è¡Œ
ç‰©ä»¶: /adm/daemons/eventd
å‘¼å«æ¥è‡ªï¼š/d/wizard/npc/pkuxkx.c çš„ event() ç¬¬ 136 è¡Œï¼Œç‰©ä»¶ï¼š /d/wizard/npc/pkuxkx#2739 ("[1;37måŒ—å¤§ä¾ å®¢è¡Œ[2;37;0m")
å‘¼å«æ¥è‡ªï¼š/adm/daemons/eventd.c çš„ create() ç¬¬ 41 è¡Œï¼Œç‰©ä»¶ï¼š /adm/daemons/eventd
å‘¼å«æ¥è‡ªï¼š/adm/daemons/eventd.c çš„ collect_all_event() ç¬¬ 67 è¡Œï¼Œç‰©ä»¶ï¼š /adm/daemons/eventd
å‘¼å«æ¥è‡ªï¼š/adm/daemons/event/chaoxin.c çš„ create_event() ç¬¬ 15 è¡Œï¼Œç‰©ä»¶ï¼š /adm/daemons/event/chaoxin
å‘¼å«æ¥è‡ªï¼š/adm/daemons/eventd.c çš„ at_after() ç¬¬ 103 è¡Œï¼Œç‰©ä»¶ï¼š /adm/daemons/eventd
Sat Nov 07 13:03:40 2020é”™è¯¯è®¯æ¯è¢«æ‹¦æˆª: 
æ‰§è¡Œæ—¶æ®µé”™è¯¯ï¼š*Error in loading object '/d/hangzhou/sitian'

ç¨‹å¼ï¼š/adm/daemons/mapd.c ç¬¬ 92 è¡Œ
ç‰©ä»¶: /adm/daemons/mapd
å‘¼å«æ¥è‡ªï¼š/adm/daemons/taskd.c çš„ update_each_task() ç¬¬ 76 è¡Œï¼Œç‰©ä»¶ï¼š /adm/daemons/taskd
å‘¼å«æ¥è‡ªï¼š/adm/daemons/taskd.c çš„ random_place() ç¬¬ 741 è¡Œï¼Œç‰©ä»¶ï¼š /adm/daemons/taskd
å‘¼å«æ¥è‡ªï¼š/adm/daemons/mapd.c çš„ random_place() ç¬¬ 141 è¡Œï¼Œç‰©ä»¶ï¼š /adm/daemons/mapd
å‘¼å«æ¥è‡ªï¼š/adm/daemons/mapd.c çš„ random_room() ç¬¬ 92 è¡Œï¼Œç‰©ä»¶ï¼š /adm/daemons/mapd
å‘¼å«æ¥è‡ªï¼š/adm/daemons/mapd.c çš„ CATCH() ç¬¬ 92 è¡Œï¼Œç‰©ä»¶ï¼š /adm/daemons/mapd
Sat Nov 07 13:03:56 2020
æ‰§è¡Œæ—¶æ®µé”™è¯¯ï¼š*Value being indexed is zero.

ç¨‹å¼ï¼š/adm/daemons/eventd.c ç¬¬ 103 è¡Œ
ç‰©ä»¶: /adm/daemons/eventd
å‘¼å«æ¥è‡ªï¼š/d/wizard/npc/pkuxkx.c çš„ event() ç¬¬ 136 è¡Œï¼Œç‰©ä»¶ï¼š /d/wizard/npc/pkuxkx#264 ("[1;37måŒ—å¤§ä¾ å®¢è¡Œ[2;37;0m")
å‘¼å«æ¥è‡ªï¼š/adm/daemons/eventd.c çš„ create() ç¬¬ 41 è¡Œï¼Œç‰©ä»¶ï¼š /adm/daemons/eventd
å‘¼å«æ¥è‡ªï¼š/adm/daemons/eventd.c çš„ collect_all_event() ç¬¬ 67 è¡Œï¼Œç‰©ä»¶ï¼š /adm/daemons/eventd
å‘¼å«æ¥è‡ªï¼š/adm/daemons/event/chaoxin.c çš„ create_event() ç¬¬ 15 è¡Œï¼Œç‰©ä»¶ï¼š /adm/daemons/event/chaoxin
å‘¼å«æ¥è‡ªï¼š/adm/daemons/eventd.c çš„ at_after() ç¬¬ 103 è¡Œï¼Œç‰©ä»¶ï¼š /adm/daemons/eventd
Sat Nov 07 13:04:03 2020é”™è¯¯è®¯æ¯è¢«æ‹¦æˆª: 
æ‰§è¡Œæ—¶æ®µé”™è¯¯ï¼š*Error in loading object '/d/hangzhou/sitian'

ç¨‹å¼ï¼š/adm/daemons/mapd.c ç¬¬ 92 è¡Œ
ç‰©ä»¶: /adm/daemons/mapd
å‘¼å«æ¥è‡ªï¼š/adm/daemons/taskd.c çš„ update_each_task() ç¬¬ 76 è¡Œï¼Œç‰©ä»¶ï¼š /adm/daemons/taskd
å‘¼å«æ¥è‡ªï¼š/adm/daemons/taskd.c çš„ random_place() ç¬¬ 741 è¡Œï¼Œç‰©ä»¶ï¼š /adm/daemons/taskd
å‘¼å«æ¥è‡ªï¼š/adm/daemons/mapd.c çš„ random_place() ç¬¬ 141 è¡Œï¼Œç‰©ä»¶ï¼š /adm/daemons/mapd
å‘¼å«æ¥è‡ªï¼š/adm/daemons/mapd.c çš„ random_room() ç¬¬ 92 è¡Œï¼Œç‰©ä»¶ï¼š /adm/daemons/mapd
å‘¼å«æ¥è‡ªï¼š/adm/daemons/mapd.c çš„ CATCH() ç¬¬ 92 è¡Œï¼Œç‰©ä»¶ï¼š /adm/daemons/mapd
Sat Nov 07 13:04:17 2020é”™è¯¯è®¯æ¯è¢«æ‹¦æˆª: 
æ‰§è¡Œæ—¶æ®µé”™è¯¯ï¼š*Error in loading object '/d/city/npc/items/pixue'

ç¨‹å¼ï¼š/inherit/char/npc.c ç¬¬ 13 è¡Œ
ç‰©ä»¶: /d/city/npc/qinjun
å‘¼å«æ¥è‡ªï¼š/adm/daemons/taskd.c çš„ update_each_task() ç¬¬ 76 è¡Œï¼Œç‰©ä»¶ï¼š /adm/daemons/taskd
å‘¼å«æ¥è‡ªï¼š/adm/daemons/taskd.c çš„ random_place() ç¬¬ 741 è¡Œï¼Œç‰©ä»¶ï¼š /adm/daemons/taskd
å‘¼å«æ¥è‡ªï¼š/adm/daemons/mapd.c çš„ random_place() ç¬¬ 141 è¡Œï¼Œç‰©ä»¶ï¼š /adm/daemons/mapd
å‘¼å«æ¥è‡ªï¼š/adm/daemons/mapd.c çš„ random_room() ç¬¬ 92 è¡Œï¼Œç‰©ä»¶ï¼š /adm/daemons/mapd
å‘¼å«æ¥è‡ªï¼š/adm/daemons/mapd.c çš„ CATCH() ç¬¬ 92 è¡Œï¼Œç‰©ä»¶ï¼š /adm/daemons/mapd
å‘¼å«æ¥è‡ªï¼š/d/city/xiaolu.c çš„ create() ç¬¬ 22 è¡Œï¼Œç‰©ä»¶ï¼š /d/city/xiaolu
å‘¼å«æ¥è‡ªï¼š/inherit/room/room.c çš„ setup() ç¬¬ 382 è¡Œï¼Œç‰©ä»¶ï¼š /d/city/xiaolu
å‘¼å«æ¥è‡ªï¼š/inherit/room/room.c çš„ reset() ç¬¬ 180 è¡Œï¼Œç‰©ä»¶ï¼š /d/city/xiaolu
å‘¼å«æ¥è‡ªï¼š/inherit/room/room.c çš„ make_inventory() ç¬¬ 20 è¡Œï¼Œç‰©ä»¶ï¼š /d/city/xiaolu
å‘¼å«æ¥è‡ªï¼š/d/city/npc/qinjun.c çš„ create() ç¬¬ 42 è¡Œï¼Œç‰©ä»¶ï¼š /d/city/npc/qinjun ("äº²å…µ")
å‘¼å«æ¥è‡ªï¼š/inherit/char/npc.c çš„ carry_object() ç¬¬ 13 è¡Œï¼Œç‰©ä»¶ï¼š /d/city/npc/qinjun ("äº²å…µ")
Sat Nov 07 13:04:40 2020
æ‰§è¡Œæ—¶æ®µé”™è¯¯ï¼š*Value being indexed is zero.

ç¨‹å¼ï¼š/adm/daemons/eventd.c ç¬¬ 103 è¡Œ
ç‰©ä»¶: /adm/daemons/eventd
å‘¼å«æ¥è‡ªï¼š/d/wizard/npc/pkuxkx.c çš„ event() ç¬¬ 136 è¡Œï¼Œç‰©ä»¶ï¼š /d/wizard/npc/pkuxkx#3335 ("[1;37måŒ—å¤§ä¾ å®¢è¡Œ[2;37;0m")
å‘¼å«æ¥è‡ªï¼š/adm/daemons/eventd.c çš„ create() ç¬¬ 41 è¡Œï¼Œç‰©ä»¶ï¼š /adm/daemons/eventd
å‘¼å«æ¥è‡ªï¼š/adm/daemons/eventd.c çš„ collect_all_event() ç¬¬ 67 è¡Œï¼Œç‰©ä»¶ï¼š /adm/daemons/eventd
å‘¼å«æ¥è‡ªï¼š/adm/daemons/event/chaoxin.c çš„ create_event() ç¬¬ 15 è¡Œï¼Œç‰©ä»¶ï¼š /adm/daemons/event/chaoxin
å‘¼å«æ¥è‡ªï¼š/adm/daemons/eventd.c çš„ at_after() ç¬¬ 103 è¡Œï¼Œç‰©ä»¶ï¼š /adm/daemons/eventd
Sat Nov 07 13:05:15 2020é”™è¯¯è®¯æ¯è¢«æ‹¦æˆª: 
æ‰§è¡Œæ—¶æ®µé”™è¯¯ï¼š*Error in loading object '/d/city/npc/items/pixue'

ç¨‹å¼ï¼š/inherit/char/npc.c ç¬¬ 13 è¡Œ
ç‰©ä»¶: /d/city/npc/qinjun
å‘¼å«æ¥è‡ªï¼š/adm/daemons/taskd.c çš„ update_each_task() ç¬¬ 76 è¡Œï¼Œç‰©ä»¶ï¼š /adm/daemons/taskd
å‘¼å«æ¥è‡ªï¼š/adm/daemons/taskd.c çš„ random_place() ç¬¬ 741 è¡Œï¼Œç‰©ä»¶ï¼š /adm/daemons/taskd
å‘¼å«æ¥è‡ªï¼š/adm/daemons/mapd.c çš„ random_place() ç¬¬ 141 è¡Œï¼Œç‰©ä»¶ï¼š /adm/daemons/mapd
å‘¼å«æ¥è‡ªï¼š/adm/daemons/mapd.c çš„ random_room() ç¬¬ 92 è¡Œï¼Œç‰©ä»¶ï¼š /adm/daemons/mapd
å‘¼å«æ¥è‡ªï¼š/adm/daemons/mapd.c çš„ CATCH() ç¬¬ 92 è¡Œï¼Œç‰©ä»¶ï¼š /adm/daemons/mapd
å‘¼å«æ¥è‡ªï¼š/d/city/xiaolu.c çš„ create() ç¬¬ 22 è¡Œï¼Œç‰©ä»¶ï¼š /d/city/xiaolu
å‘¼å«æ¥è‡ªï¼š/inherit/room/room.c çš„ setup() ç¬¬ 382 è¡Œï¼Œç‰©ä»¶ï¼š /d/city/xiaolu
å‘¼å«æ¥è‡ªï¼š/inherit/room/room.c çš„ reset() ç¬¬ 180 è¡Œï¼Œç‰©ä»¶ï¼š /d/city/xiaolu
å‘¼å«æ¥è‡ªï¼š/inherit/room/room.c çš„ make_inventory() ç¬¬ 20 è¡Œï¼Œç‰©ä»¶ï¼š /d/city/xiaolu
å‘¼å«æ¥è‡ªï¼š/d/city/npc/qinjun.c çš„ create() ç¬¬ 42 è¡Œï¼Œç‰©ä»¶ï¼š /d/city/npc/qinjun ("äº²å…µ")
å‘¼å«æ¥è‡ªï¼š/inherit/char/npc.c çš„ carry_object() ç¬¬ 13 è¡Œï¼Œç‰©ä»¶ï¼š /d/city/npc/qinjun ("äº²å…µ")
Sat Nov 07 13:05:21 2020
æ‰§è¡Œæ—¶æ®µé”™è¯¯ï¼š*Value being indexed is zero.

ç¨‹å¼ï¼š/adm/daemons/eventd.c ç¬¬ 103 è¡Œ
ç‰©ä»¶: /adm/daemons/eventd
å‘¼å«æ¥è‡ªï¼š/d/wizard/npc/pkuxkx.c çš„ event() ç¬¬ 136 è¡Œï¼Œç‰©ä»¶ï¼š /d/wizard/npc/pkuxkx#2064 ("[1;37måŒ—å¤§ä¾ å®¢è¡Œ[2;37;0m")
å‘¼å«æ¥è‡ªï¼š/adm/daemons/eventd.c çš„ create() ç¬¬ 41 è¡Œï¼Œç‰©ä»¶ï¼š /adm/daemons/eventd
å‘¼å«æ¥è‡ªï¼š/adm/daemons/eventd.c çš„ collect_all_event() ç¬¬ 67 è¡Œï¼Œç‰©ä»¶ï¼š /adm/daemons/eventd
å‘¼å«æ¥è‡ªï¼š/adm/daemons/event/chaoxin.c çš„ create_event() ç¬¬ 15 è¡Œï¼Œç‰©ä»¶ï¼š /adm/daemons/event/chaoxin
å‘¼å«æ¥è‡ªï¼š/adm/daemons/eventd.c çš„ at_after() ç¬¬ 103 è¡Œï¼Œç‰©ä»¶ï¼š /adm/daemons/eventd
Sat Nov 07 13:11:47 2020
æ‰§è¡Œæ—¶æ®µé”™è¯¯ï¼š*Value being indexed is zero.

ç¨‹å¼ï¼š/adm/daemons/eventd.c ç¬¬ 103 è¡Œ
ç‰©ä»¶: /adm/daemons/eventd
å‘¼å«æ¥è‡ªï¼š/d/wizard/npc/pkuxkx.c çš„ event() ç¬¬ 136 è¡Œï¼Œç‰©ä»¶ï¼š /d/wizard/npc/pkuxkx#443 ("[1;37måŒ—å¤§ä¾ å®¢è¡Œ[2;37;0m")
å‘¼å«æ¥è‡ªï¼š/adm/daemons/eventd.c çš„ create() ç¬¬ 41 è¡Œï¼Œç‰©ä»¶ï¼š /adm/daemons/eventd
å‘¼å«æ¥è‡ªï¼š/adm/daemons/eventd.c çš„ collect_all_event() ç¬¬ 67 è¡Œï¼Œç‰©ä»¶ï¼š /adm/daemons/eventd
å‘¼å«æ¥è‡ªï¼š/adm/daemons/event/chaoxin.c çš„ create_event() ç¬¬ 15 è¡Œï¼Œç‰©ä»¶ï¼š /adm/daemons/event/chaoxin
å‘¼å«æ¥è‡ªï¼š/adm/daemons/eventd.c çš„ at_after() ç¬¬ 103 è¡Œï¼Œç‰©ä»¶ï¼š /adm/daemons/eventd
Sat Nov 07 13:11:58 2020é”™è¯¯è®¯æ¯è¢«æ‹¦æˆª: 
æ‰§è¡Œæ—¶æ®µé”™è¯¯ï¼š*Error in loading object '/d/hangzhou/sitian'

ç¨‹å¼ï¼š/adm/daemons/mapd.c ç¬¬ 92 è¡Œ
ç‰©ä»¶: /adm/daemons/mapd
å‘¼å«æ¥è‡ªï¼š/adm/daemons/taskd.c çš„ update_each_task() ç¬¬ 76 è¡Œï¼Œç‰©ä»¶ï¼š /adm/daemons/taskd
å‘¼å«æ¥è‡ªï¼š/adm/daemons/taskd.c çš„ random_place() ç¬¬ 741 è¡Œï¼Œç‰©ä»¶ï¼š /adm/daemons/taskd
å‘¼å«æ¥è‡ªï¼š/adm/daemons/mapd.c çš„ random_place() ç¬¬ 141 è¡Œï¼Œç‰©ä»¶ï¼š /adm/daemons/mapd
å‘¼å«æ¥è‡ªï¼š/adm/daemons/mapd.c çš„ random_room() ç¬¬ 92 è¡Œï¼Œç‰©ä»¶ï¼š /adm/daemons/mapd
å‘¼å«æ¥è‡ªï¼š/adm/daemons/mapd.c çš„ CATCH() ç¬¬ 92 è¡Œï¼Œç‰©ä»¶ï¼š /adm/daemons/mapd
